2025-10-18T20:20:54.991Z [ERROR]: Error in createReceipt: Unknown column 'balance' in 'field list' Unknown column 'balance' in 'field list'
2025-10-18T20:20:55.005Z [ERROR]: Failed to add receipt: Database operation returned null
2025-10-18T20:21:03.238Z [ERROR]: Error in createReceipt: Unknown column 'balance' in 'field list' Unknown column 'balance' in 'field list'
2025-10-18T20:21:03.243Z [ERROR]: Failed to add receipt: Database operation returned null
2026-03-08T15:26:22.490Z [ERROR]: Error in getLastInvoiceNumber: Table 'receipt_app.invoices' doesn't exist Table 'receipt_app.invoices' doesn't exist
2026-03-08T15:26:22.678Z [ERROR]: Error in createInvoice: Table 'receipt_app.invoices' doesn't exist Table 'receipt_app.invoices' doesn't exist
2026-03-08T15:26:22.683Z [ERROR]: Failed to add invoice: Database operation returned null
2026-03-08T20:03:39.291Z [WARN]: Receipt details not found for ID new
2026-03-09T13:19:14.544Z [ERROR]: Error in createReceipt: Unknown column 'patient_id' in 'field list' Unknown column 'patient_id' in 'field list'
2026-03-09T13:19:14.557Z [ERROR]: Failed to add receipt: Database operation returned null
2026-03-09T13:28:39.637Z [ERROR]: Error in createReceipt: Unknown column 'patient_id' in 'field list' Unknown column 'patient_id' in 'field list'
2026-03-09T13:28:39.643Z [ERROR]: Failed to add receipt: Database operation returned null
2026-03-09T13:30:03.997Z [ERROR]: Error in createReceipt: Unknown column 'patient_id' in 'field list' Unknown column 'patient_id' in 'field list'
2026-03-09T13:30:04.352Z [ERROR]: Error in addReceipt: error is not defined error is not defined
2026-03-09T13:41:44.232Z [ERROR]: Error in createReceipt: Unknown column 'qty' in 'field list' Unknown column 'qty' in 'field list'
2026-03-09T13:41:44.237Z [ERROR]: Failed to add receipt: Database operation returned null
2026-03-09T13:43:06.104Z [ERROR]: Error in createReceipt: Unknown column 'discount' in 'field list' Unknown column 'discount' in 'field list'
2026-03-09T13:43:06.113Z [ERROR]: Failed to add receipt: Database operation returned null
2026-03-09T13:44:25.197Z [ERROR]: Error in createReceipt: Unknown column 'amount' in 'field list' Unknown column 'amount' in 'field list'
2026-03-09T13:44:25.205Z [ERROR]: Failed to add receipt: Database operation returned null
2026-03-10T20:10:11.023Z [ERROR]: Error in getDailySales: In aggregated query without GROUP BY, expression #1 of SELECT list contains nonaggregated column 'receipt_app.receipts.created_at'; this is incompatible with sql_mode=only_full_group_by In aggregated query without GROUP BY, expression #1 of SELECT list contains nonaggregated column 'receipt_app.receipts.created_at'; this is incompatible with sql_mode=only_full_group_by
2026-03-10T20:10:11.026Z [ERROR]: Error in getDailyReport: In aggregated query without GROUP BY, expression #1 of SELECT list contains nonaggregated column 'receipt_app.receipts.created_at'; this is incompatible with sql_mode=only_full_group_by In aggregated query without GROUP BY, expression #1 of SELECT list contains nonaggregated column 'receipt_app.receipts.created_at'; this is incompatible with sql_mode=only_full_group_by
2026-03-10T20:10:30.399Z [ERROR]: Error in getDailySales: In aggregated query without GROUP BY, expression #1 of SELECT list contains nonaggregated column 'receipt_app.receipts.created_at'; this is incompatible with sql_mode=only_full_group_by In aggregated query without GROUP BY, expression #1 of SELECT list contains nonaggregated column 'receipt_app.receipts.created_at'; this is incompatible with sql_mode=only_full_group_by
2026-03-10T20:10:30.402Z [ERROR]: Error in getDailyReport: In aggregated query without GROUP BY, expression #1 of SELECT list contains nonaggregated column 'receipt_app.receipts.created_at'; this is incompatible with sql_mode=only_full_group_by In aggregated query without GROUP BY, expression #1 of SELECT list contains nonaggregated column 'receipt_app.receipts.created_at'; this is incompatible with sql_mode=only_full_group_by
2026-03-10T20:14:31.840Z [ERROR]: Error in getMonthlySummary: Expression #3 of SELECT list is not in GROUP BY clause and contains nonaggregated column 'receipt_app.receipts.created_at' which is not functionally dependent on columns in GROUP BY clause; this is incompatible with sql_mode=only_full_group_by Expression #3 of SELECT list is not in GROUP BY clause and contains nonaggregated column 'receipt_app.receipts.created_at' which is not functionally dependent on columns in GROUP BY clause; this is incompatible with sql_mode=only_full_group_by
2026-03-10T20:14:31.847Z [ERROR]: Error in getMonthlyReport: Expression #3 of SELECT list is not in GROUP BY clause and contains nonaggregated column 'receipt_app.receipts.created_at' which is not functionally dependent on columns in GROUP BY clause; this is incompatible with sql_mode=only_full_group_by Expression #3 of SELECT list is not in GROUP BY clause and contains nonaggregated column 'receipt_app.receipts.created_at' which is not functionally dependent on columns in GROUP BY clause; this is incompatible with sql_mode=only_full_group_by
2026-03-10T20:14:36.107Z [ERROR]: Error in getAnnualSales: Expression #2 of SELECT list is not in GROUP BY clause and contains nonaggregated column 'receipt_app.receipts.created_at' which is not functionally dependent on columns in GROUP BY clause; this is incompatible with sql_mode=only_full_group_by Expression #2 of SELECT list is not in GROUP BY clause and contains nonaggregated column 'receipt_app.receipts.created_at' which is not functionally dependent on columns in GROUP BY clause; this is incompatible with sql_mode=only_full_group_by
2026-03-10T20:14:36.109Z [ERROR]: Error in getAnnualReport: Expression #2 of SELECT list is not in GROUP BY clause and contains nonaggregated column 'receipt_app.receipts.created_at' which is not functionally dependent on columns in GROUP BY clause; this is incompatible with sql_mode=only_full_group_by Expression #2 of SELECT list is not in GROUP BY clause and contains nonaggregated column 'receipt_app.receipts.created_at' which is not functionally dependent on columns in GROUP BY clause; this is incompatible with sql_mode=only_full_group_by
2026-03-10T20:36:36.898Z [ERROR]: Error in getMonthlySalesSummary: Expression #2 of SELECT list is not in GROUP BY clause and contains nonaggregated column 'receipt_app.receipts.created_at' which is not functionally dependent on columns in GROUP BY clause; this is incompatible with sql_mode=only_full_group_by Expression #2 of SELECT list is not in GROUP BY clause and contains nonaggregated column 'receipt_app.receipts.created_at' which is not functionally dependent on columns in GROUP BY clause; this is incompatible with sql_mode=only_full_group_by
2026-03-10T20:36:36.925Z [ERROR]: Error in getMonthlyReport: Expression #2 of SELECT list is not in GROUP BY clause and contains nonaggregated column 'receipt_app.receipts.created_at' which is not functionally dependent on columns in GROUP BY clause; this is incompatible with sql_mode=only_full_group_by Expression #2 of SELECT list is not in GROUP BY clause and contains nonaggregated column 'receipt_app.receipts.created_at' which is not functionally dependent on columns in GROUP BY clause; this is incompatible with sql_mode=only_full_group_by
2026-03-10T20:59:24.491Z [ERROR]: Error in createExpense: You have an error in your SQL syntax; check the manual that corresponds to your MySQL server version for the right syntax to use near '?, ?)' at line 1 You have an error in your SQL syntax; check the manual that corresponds to your MySQL server version for the right syntax to use near '?, ?)' at line 1
2026-03-10T20:59:24.494Z [ERROR]: Error in addExpense: You have an error in your SQL syntax; check the manual that corresponds to your MySQL server version for the right syntax to use near '?, ?)' at line 1 You have an error in your SQL syntax; check the manual that corresponds to your MySQL server version for the right syntax to use near '?, ?)' at line 1
2026-03-10T20:59:52.714Z [ERROR]: Error in createExpense: Field 'expense_date' doesn't have a default value Field 'expense_date' doesn't have a default value
2026-03-10T20:59:52.718Z [ERROR]: Error in addExpense: Field 'expense_date' doesn't have a default value Field 'expense_date' doesn't have a default value
2026-03-10T20:59:52.731Z [ERROR]: Error in createExpense: Field 'expense_date' doesn't have a default value Field 'expense_date' doesn't have a default value
2026-03-10T20:59:52.732Z [ERROR]: Error in addExpense: Field 'expense_date' doesn't have a default value Field 'expense_date' doesn't have a default value
2026-03-10T21:00:00.621Z [ERROR]: Error in createExpense: Field 'expense_date' doesn't have a default value Field 'expense_date' doesn't have a default value
2026-03-10T21:00:00.622Z [ERROR]: Error in addExpense: Field 'expense_date' doesn't have a default value Field 'expense_date' doesn't have a default value
2026-03-10T21:01:52.604Z [ERROR]: Error in createExpense: Field 'description' doesn't have a default value Field 'description' doesn't have a default value
2026-03-10T21:01:52.610Z [ERROR]: Error in addExpense: Field 'description' doesn't have a default value Field 'description' doesn't have a default value
2026-03-10T21:11:12.838Z [ERROR]: Error in createExpense: Unknown column 'expense_date' in 'field list' Unknown column 'expense_date' in 'field list'
2026-03-10T21:11:12.844Z [ERROR]: Error in addExpense: Unknown column 'expense_date' in 'field list' Unknown column 'expense_date' in 'field list'
2026-03-10T21:11:12.850Z [ERROR]: Error in createExpense: Unknown column 'expense_date' in 'field list' Unknown column 'expense_date' in 'field list'
2026-03-10T21:11:12.854Z [ERROR]: Error in addExpense: Unknown column 'expense_date' in 'field list' Unknown column 'expense_date' in 'field list'
2026-03-10T21:11:14.869Z [ERROR]: Error in getExpensesByDate: Unknown column 'expense_date' in 'where clause' Unknown column 'expense_date' in 'where clause'
2026-03-10T21:11:14.870Z [ERROR]: Error in getExpensesByDate: Unknown column 'expense_date' in 'where clause' Unknown column 'expense_date' in 'where clause'
2026-03-10T21:13:11.774Z [ERROR]: Error in getExpensesByDate: Unknown column 'expense_date' in 'where clause' Unknown column 'expense_date' in 'where clause'
2026-03-10T21:13:11.778Z [ERROR]: Error in getExpensesByDate: Unknown column 'expense_date' in 'where clause' Unknown column 'expense_date' in 'where clause'
2026-03-10T21:13:14.834Z [ERROR]: Error in getExpensesByDate: Unknown column 'expense_date' in 'where clause' Unknown column 'expense_date' in 'where clause'
2026-03-10T21:13:14.835Z [ERROR]: Error in getExpensesByDate: Unknown column 'expense_date' in 'where clause' Unknown column 'expense_date' in 'where clause'
2026-03-10T21:13:22.905Z [ERROR]: Error in getExpensesByDate: Unknown column 'expense_date' in 'where clause' Unknown column 'expense_date' in 'where clause'
2026-03-10T21:13:22.907Z [ERROR]: Error in getExpensesPage: Unknown column 'expense_date' in 'where clause' Unknown column 'expense_date' in 'where clause'
2026-03-10T21:14:38.973Z [ERROR]: Error in getExpensesByDate: Unknown column 'expense_date' in 'where clause' Unknown column 'expense_date' in 'where clause'
2026-03-10T21:14:38.976Z [ERROR]: Error in getExpensesPage: Unknown column 'expense_date' in 'where clause' Unknown column 'expense_date' in 'where clause'
2026-03-10T21:14:39.785Z [ERROR]: Error in getExpensesByDate: Unknown column 'expense_date' in 'where clause' Unknown column 'expense_date' in 'where clause'
2026-03-10T21:14:39.786Z [ERROR]: Error in getExpensesPage: Unknown column 'expense_date' in 'where clause' Unknown column 'expense_date' in 'where clause'
2026-03-10T21:14:40.385Z [ERROR]: Error in getExpensesByDate: Unknown column 'expense_date' in 'where clause' Unknown column 'expense_date' in 'where clause'
2026-03-10T21:14:40.387Z [ERROR]: Error in getExpensesPage: Unknown column 'expense_date' in 'where clause' Unknown column 'expense_date' in 'where clause'
2026-03-10T21:14:45.692Z [ERROR]: Error in getExpensesByDate: Unknown column 'expense_date' in 'where clause' Unknown column 'expense_date' in 'where clause'
2026-03-10T21:14:45.692Z [ERROR]: Error in getExpensesByDate: Unknown column 'expense_date' in 'where clause' Unknown column 'expense_date' in 'where clause'
2026-03-10T21:14:53.516Z [ERROR]: Error in getExpensesByDate: Unknown column 'expense_date' in 'where clause' Unknown column 'expense_date' in 'where clause'
2026-03-10T21:14:53.519Z [ERROR]: Error in getExpensesPage: Unknown column 'expense_date' in 'where clause' Unknown column 'expense_date' in 'where clause'
2026-03-10T21:15:43.297Z [ERROR]: Error in getExpensesByDate: Unknown column 'expense_date' in 'where clause' Unknown column 'expense_date' in 'where clause'
2026-03-10T21:15:43.299Z [ERROR]: Error in getExpensesPage: Unknown column 'expense_date' in 'where clause' Unknown column 'expense_date' in 'where clause'
2026-03-10T21:15:44.336Z [ERROR]: Error in getTotalExpensesByDate: Unknown column 'expense_date' in 'where clause' Unknown column 'expense_date' in 'where clause'
2026-03-10T21:15:44.342Z [ERROR]: Error in getExpensesPage: Unknown column 'expense_date' in 'where clause' Unknown column 'expense_date' in 'where clause'
2026-03-10T21:16:52.038Z [ERROR]: Error in addExpense: expense_date is not defined expense_date is not defined
2026-03-10T21:18:09.139Z [ERROR]: Error in addExpense: created_at is not defined created_at is not defined
2026-03-10T21:29:46.207Z [ERROR]: Error in getMonthlySalesSummary: Expression #2 of SELECT list is not in GROUP BY clause and contains nonaggregated column 'receipt_app.receipts.created_at' which is not functionally dependent on columns in GROUP BY clause; this is incompatible with sql_mode=only_full_group_by Expression #2 of SELECT list is not in GROUP BY clause and contains nonaggregated column 'receipt_app.receipts.created_at' which is not functionally dependent on columns in GROUP BY clause; this is incompatible with sql_mode=only_full_group_by
2026-03-10T21:29:46.211Z [ERROR]: Error in getMonthlyReport: Expression #2 of SELECT list is not in GROUP BY clause and contains nonaggregated column 'receipt_app.receipts.created_at' which is not functionally dependent on columns in GROUP BY clause; this is incompatible with sql_mode=only_full_group_by Expression #2 of SELECT list is not in GROUP BY clause and contains nonaggregated column 'receipt_app.receipts.created_at' which is not functionally dependent on columns in GROUP BY clause; this is incompatible with sql_mode=only_full_group_by
2026-03-10T21:43:04.859Z [ERROR]: Error in getMonthlySalesSummary: Expression #2 of SELECT list is not in GROUP BY clause and contains nonaggregated column 'receipt_app.receipts.created_at' which is not functionally dependent on columns in GROUP BY clause; this is incompatible with sql_mode=only_full_group_by Expression #2 of SELECT list is not in GROUP BY clause and contains nonaggregated column 'receipt_app.receipts.created_at' which is not functionally dependent on columns in GROUP BY clause; this is incompatible with sql_mode=only_full_group_by
2026-03-10T21:43:04.869Z [ERROR]: Error in getMonthlyReport: Expression #2 of SELECT list is not in GROUP BY clause and contains nonaggregated column 'receipt_app.receipts.created_at' which is not functionally dependent on columns in GROUP BY clause; this is incompatible with sql_mode=only_full_group_by Expression #2 of SELECT list is not in GROUP BY clause and contains nonaggregated column 'receipt_app.receipts.created_at' which is not functionally dependent on columns in GROUP BY clause; this is incompatible with sql_mode=only_full_group_by
2026-03-10T21:43:45.141Z [ERROR]: Error in getMonthlySalesSummary: Expression #2 of SELECT list is not in GROUP BY clause and contains nonaggregated column 'receipt_app.receipts.created_at' which is not functionally dependent on columns in GROUP BY clause; this is incompatible with sql_mode=only_full_group_by Expression #2 of SELECT list is not in GROUP BY clause and contains nonaggregated column 'receipt_app.receipts.created_at' which is not functionally dependent on columns in GROUP BY clause; this is incompatible with sql_mode=only_full_group_by
2026-03-10T21:43:45.146Z [ERROR]: Error in getMonthlyReport: Expression #2 of SELECT list is not in GROUP BY clause and contains nonaggregated column 'receipt_app.receipts.created_at' which is not functionally dependent on columns in GROUP BY clause; this is incompatible with sql_mode=only_full_group_by Expression #2 of SELECT list is not in GROUP BY clause and contains nonaggregated column 'receipt_app.receipts.created_at' which is not functionally dependent on columns in GROUP BY clause; this is incompatible with sql_mode=only_full_group_by
2026-03-10T21:44:25.041Z [ERROR]: Error in getAnnualSalesSummary: Expression #2 of SELECT list is not in GROUP BY clause and contains nonaggregated column 'receipt_app.receipts.created_at' which is not functionally dependent on columns in GROUP BY clause; this is incompatible with sql_mode=only_full_group_by Expression #2 of SELECT list is not in GROUP BY clause and contains nonaggregated column 'receipt_app.receipts.created_at' which is not functionally dependent on columns in GROUP BY clause; this is incompatible with sql_mode=only_full_group_by
2026-03-10T21:44:25.044Z [ERROR]: Error in getAnnualReport: Expression #2 of SELECT list is not in GROUP BY clause and contains nonaggregated column 'receipt_app.receipts.created_at' which is not functionally dependent on columns in GROUP BY clause; this is incompatible with sql_mode=only_full_group_by Expression #2 of SELECT list is not in GROUP BY clause and contains nonaggregated column 'receipt_app.receipts.created_at' which is not functionally dependent on columns in GROUP BY clause; this is incompatible with sql_mode=only_full_group_by
2026-03-10T21:45:32.492Z [ERROR]: Error in getMonthlySalesSummary: Expression #1 of SELECT list is not in GROUP BY clause and contains nonaggregated column 'receipt_app.receipts.created_at' which is not functionally dependent on columns in GROUP BY clause; this is incompatible with sql_mode=only_full_group_by Expression #1 of SELECT list is not in GROUP BY clause and contains nonaggregated column 'receipt_app.receipts.created_at' which is not functionally dependent on columns in GROUP BY clause; this is incompatible with sql_mode=only_full_group_by
2026-03-10T21:45:32.494Z [ERROR]: Error in getMonthlyReport: Expression #1 of SELECT list is not in GROUP BY clause and contains nonaggregated column 'receipt_app.receipts.created_at' which is not functionally dependent on columns in GROUP BY clause; this is incompatible with sql_mode=only_full_group_by Expression #1 of SELECT list is not in GROUP BY clause and contains nonaggregated column 'receipt_app.receipts.created_at' which is not functionally dependent on columns in GROUP BY clause; this is incompatible with sql_mode=only_full_group_by
2026-03-10T21:45:36.115Z [ERROR]: Error in getAnnualSalesSummary: Expression #2 of SELECT list is not in GROUP BY clause and contains nonaggregated column 'receipt_app.receipts.created_at' which is not functionally dependent on columns in GROUP BY clause; this is incompatible with sql_mode=only_full_group_by Expression #2 of SELECT list is not in GROUP BY clause and contains nonaggregated column 'receipt_app.receipts.created_at' which is not functionally dependent on columns in GROUP BY clause; this is incompatible with sql_mode=only_full_group_by
2026-03-10T21:45:36.118Z [ERROR]: Error in getAnnualReport: Expression #2 of SELECT list is not in GROUP BY clause and contains nonaggregated column 'receipt_app.receipts.created_at' which is not functionally dependent on columns in GROUP BY clause; this is incompatible with sql_mode=only_full_group_by Expression #2 of SELECT list is not in GROUP BY clause and contains nonaggregated column 'receipt_app.receipts.created_at' which is not functionally dependent on columns in GROUP BY clause; this is incompatible with sql_mode=only_full_group_by
2026-03-10T21:51:29.208Z [INFO]: Dashboard: Using today's date: 2026-03-11
2026-03-10T21:51:45.012Z [INFO]: Dashboard: Using today's date: 2026-03-11
2026-03-10T21:52:14.274Z [INFO]: Dashboard: Using today's date: 2026-03-11
2026-03-10T21:52:56.614Z [INFO]: Dashboard: Using today's date: 2026-03-11
2026-03-10T21:54:25.070Z [INFO]: Daily Report: Using date 2026-03-11
2026-03-10T21:54:32.444Z [INFO]: Daily Report: Using date 2026-03-11
2026-03-10T21:54:35.101Z [INFO]: Dashboard: Using today's date: 2026-03-11
2026-03-10T21:54:37.505Z [INFO]: Dashboard: Using today's date: 2026-03-11
2026-03-10T21:54:46.489Z [INFO]: Daily Report: Using date 2026-03-11
2026-03-10T21:54:53.521Z [INFO]: Daily Report: Using date 2026-03-11
2026-03-10T21:55:00.089Z [ERROR]: Error in getMonthlySalesSummary: Expression #1 of SELECT list is not in GROUP BY clause and contains nonaggregated column 'receipt_app.receipts.created_at' which is not functionally dependent on columns in GROUP BY clause; this is incompatible with sql_mode=only_full_group_by Expression #1 of SELECT list is not in GROUP BY clause and contains nonaggregated column 'receipt_app.receipts.created_at' which is not functionally dependent on columns in GROUP BY clause; this is incompatible with sql_mode=only_full_group_by
2026-03-10T21:55:00.092Z [ERROR]: Error in getMonthlyReport: Expression #1 of SELECT list is not in GROUP BY clause and contains nonaggregated column 'receipt_app.receipts.created_at' which is not functionally dependent on columns in GROUP BY clause; this is incompatible with sql_mode=only_full_group_by Expression #1 of SELECT list is not in GROUP BY clause and contains nonaggregated column 'receipt_app.receipts.created_at' which is not functionally dependent on columns in GROUP BY clause; this is incompatible with sql_mode=only_full_group_by
2026-03-10T21:58:11.797Z [INFO]: Daily Report: Using date 2026-03-11
2026-03-10T21:59:52.464Z [INFO]: Daily Report: Using date 2026-03-11
2026-03-10T22:06:40.258Z [INFO]: Dashboard: Using today's date: 2026-03-11
2026-03-10T22:08:14.895Z [INFO]: Dashboard: Using today's date: 2026-03-11
2026-03-10T22:09:37.421Z [INFO]: Dashboard: Using today's date: 2026-03-11
2026-03-10T22:09:42.342Z [INFO]: Daily Report: Using date 2026-03-11
2026-03-10T22:09:45.764Z [INFO]: Daily Report: Using date 2026-03-11
2026-03-10T22:09:48.084Z [ERROR]: Error in getMonthlySalesSummary: Expression #1 of SELECT list is not in GROUP BY clause and contains nonaggregated column 'receipt_app.receipts.created_at' which is not functionally dependent on columns in GROUP BY clause; this is incompatible with sql_mode=only_full_group_by Expression #1 of SELECT list is not in GROUP BY clause and contains nonaggregated column 'receipt_app.receipts.created_at' which is not functionally dependent on columns in GROUP BY clause; this is incompatible with sql_mode=only_full_group_by
2026-03-10T22:09:48.090Z [ERROR]: Error in getMonthlyReport: Expression #1 of SELECT list is not in GROUP BY clause and contains nonaggregated column 'receipt_app.receipts.created_at' which is not functionally dependent on columns in GROUP BY clause; this is incompatible with sql_mode=only_full_group_by Expression #1 of SELECT list is not in GROUP BY clause and contains nonaggregated column 'receipt_app.receipts.created_at' which is not functionally dependent on columns in GROUP BY clause; this is incompatible with sql_mode=only_full_group_by
2026-03-10T22:09:51.181Z [ERROR]: Error in getAnnualSalesSummary: Expression #2 of SELECT list is not in GROUP BY clause and contains nonaggregated column 'receipt_app.receipts.created_at' which is not functionally dependent on columns in GROUP BY clause; this is incompatible with sql_mode=only_full_group_by Expression #2 of SELECT list is not in GROUP BY clause and contains nonaggregated column 'receipt_app.receipts.created_at' which is not functionally dependent on columns in GROUP BY clause; this is incompatible with sql_mode=only_full_group_by
2026-03-10T22:09:51.182Z [ERROR]: Error in getAnnualReport: Expression #2 of SELECT list is not in GROUP BY clause and contains nonaggregated column 'receipt_app.receipts.created_at' which is not functionally dependent on columns in GROUP BY clause; this is incompatible with sql_mode=only_full_group_by Expression #2 of SELECT list is not in GROUP BY clause and contains nonaggregated column 'receipt_app.receipts.created_at' which is not functionally dependent on columns in GROUP BY clause; this is incompatible with sql_mode=only_full_group_by
2026-03-10T22:10:11.019Z [INFO]: Dashboard: Using today's date: 2026-03-11
2026-03-10T22:10:57.831Z [INFO]: Dashboard: Using today's date: 2026-03-11
2026-03-10T22:11:45.206Z [INFO]: Dashboard: Using today's date: 2026-03-11
2026-03-10T22:13:57.858Z [INFO]: Dashboard: Using today's date: 2026-03-11
2026-03-10T22:18:12.086Z [INFO]: Daily Report: Using date 2026-03-11
2026-03-10T22:18:35.315Z [INFO]: Dashboard: Using today's date: 2026-03-11
2026-03-10T22:19:00.839Z [INFO]: Dashboard: Using today's date: 2026-03-11
2026-03-10T22:19:25.741Z [INFO]: Daily Report: Using date 2026-03-11
2026-03-10T22:22:18.216Z [INFO]: Dashboard: Using today's date: 2026-03-11
2026-03-10T22:22:20.280Z [INFO]: Dashboard: Using today's date: 2026-03-11
2026-03-10T22:22:25.680Z [INFO]: Dashboard: Using today's date: 2026-03-11
2026-03-10T22:23:17.654Z [INFO]: Dashboard: Using today's date: 2026-03-11
2026-03-10T22:25:53.919Z [INFO]: Daily Report: Using date 2026-03-11
2026-03-10T22:25:58.684Z [INFO]: Daily Report: Using date 2026-03-11
2026-03-10T22:26:04.280Z [INFO]: Daily Report: Using date 2026-03-11
2026-03-10T22:26:16.527Z [INFO]: Dashboard: Using today's date: 2026-03-11
2026-03-10T22:26:18.663Z [INFO]: Daily Report: Using date 2026-03-11
2026-03-10T22:26:38.699Z [INFO]: Dashboard: Using today's date: 2026-03-11
2026-03-12T06:26:59.955Z [INFO]: Dashboard: Using today's date: 2026-03-12
2026-03-12T06:35:27.283Z [INFO]: Dashboard: Using today's date: 2026-03-12
2026-03-12T06:35:46.760Z [INFO]: Daily Report: Using date 2026-03-12
2026-03-12T06:36:05.056Z [INFO]: Daily Report: Using date 2026-03-11
2026-03-12T06:36:08.551Z [INFO]: Daily Report: Using date 2026-03-10
2026-03-12T06:38:34.749Z [INFO]: Daily Report: Using date 2026-03-10
2026-03-12T06:38:40.388Z [INFO]: Dashboard: Using today's date: 2026-03-12
2026-03-12T07:08:05.806Z [INFO]: Dashboard: Using today's date: 2026-03-12
2026-03-12T18:51:33.412Z [INFO]: Dashboard: Using today's date: 2026-03-12
2026-03-13T06:28:43.530Z [INFO]: Dashboard: Using today's date: 2026-03-13
2026-03-13T06:28:47.921Z [INFO]: Dashboard: Using today's date: 2026-03-13
2026-03-13T06:39:06.568Z [INFO]: Dashboard: Using today's date: 2026-03-13
2026-03-13T06:42:33.593Z [INFO]: Dashboard: Using today's date: 2026-03-13
2026-03-13T06:50:36.306Z [INFO]: Dashboard: Using today's date: 2026-03-13
